Sun Jul 20 05:57:45 UTC 2025
Sun Jul 20 06:26:51 UTC 2025
Sun Jul 20 06:51:52 UTC 2025
Sun Jul 20 07:17:09 UTC 2025
Sun Jul 20 07:39:13 UTC 2025
Sun Jul 20 08:23:08 UTC 2025
Sun Jul 20 08:47:47 UTC 2025
Sun Jul 20 09:18:24 UTC 2025
Sun Jul 20 09:41:03 UTC 2025
Sun Jul 20 10:19:19 UTC 2025
Sun Jul 20 10:45:49 UTC 2025
Sun Jul 20 11:15:20 UTC 2025
Sun Jul 20 11:38:13 UTC 2025
Sun Jul 20 12:36:22 UTC 2025
Sun Jul 20 13:29:11 UTC 2025
Sun Jul 20 13:49:35 UTC 2025
Sun Jul 20 14:16:29 UTC 2025
Sun Jul 20 14:42:12 UTC 2025
Sun Jul 20 15:18:13 UTC 2025
Sun Jul 20 15:40:59 UTC 2025
Sun Jul 20 16:21:49 UTC 2025
Sun Jul 20 16:47:36 UTC 2025
Sun Jul 20 17:15:50 UTC 2025
Sun Jul 20 17:41:55 UTC 2025
Sun Jul 20 18:25:39 UTC 2025
Sun Jul 20 18:49:51 UTC 2025
Sun Jul 20 19:14:01 UTC 2025
Sun Jul 20 19:37:23 UTC 2025
Sun Jul 20 20:20:29 UTC 2025
Sun Jul 20 20:42:46 UTC 2025
Sun Jul 20 21:17:25 UTC 2025
Sun Jul 20 21:39:34 UTC 2025
Sun Jul 20 22:17:39 UTC 2025
Sun Jul 20 22:44:02 UTC 2025
Sun Jul 20 23:19:12 UTC 2025
Sun Jul 20 23:41:40 UTC 2025
Mon Jul 21 01:46:08 UTC 2025
Mon Jul 21 03:43:13 UTC 2025
Mon Jul 21 04:41:34 UTC 2025
Mon Jul 21 05:25:52 UTC 2025
Mon Jul 21 05:50:34 UTC 2025
Mon Jul 21 06:29:32 UTC 2025
Mon Jul 21 06:57:02 UTC 2025
Mon Jul 21 07:31:22 UTC 2025
Mon Jul 21 08:29:41 UTC 2025
Mon Jul 21 08:58:05 UTC 2025
Mon Jul 21 09:34:58 UTC 2025
Mon Jul 21 10:21:56 UTC 2025
Mon Jul 21 10:49:13 UTC 2025
Mon Jul 21 11:17:06 UTC 2025
Mon Jul 21 11:41:04 UTC 2025
Mon Jul 21 12:40:44 UTC 2025
Mon Jul 21 13:37:42 UTC 2025
Mon Jul 21 14:20:31 UTC 2025
Mon Jul 21 14:48:44 UTC 2025
Mon Jul 21 15:20:40 UTC 2025
Mon Jul 21 15:45:27 UTC 2025
Mon Jul 21 16:24:15 UTC 2025
Mon Jul 21 16:52:00 UTC 2025
Mon Jul 21 17:18:47 UTC 2025
Mon Jul 21 17:45:47 UTC 2025
Mon Jul 21 18:28:54 UTC 2025
Mon Jul 21 18:55:52 UTC 2025
Mon Jul 21 19:18:03 UTC 2025
Mon Jul 21 19:39:31 UTC 2025
Mon Jul 21 20:21:12 UTC 2025
Mon Jul 21 20:44:40 UTC 2025
Mon Jul 21 21:18:09 UTC 2025
Mon Jul 21 21:41:12 UTC 2025
Mon Jul 21 22:19:05 UTC 2025
Mon Jul 21 22:45:03 UTC 2025
Mon Jul 21 23:18:33 UTC 2025
Mon Jul 21 23:41:20 UTC 2025
Tue Jul 22 01:41:17 UTC 2025
Tue Jul 22 03:27:43 UTC 2025
Tue Jul 22 04:23:06 UTC 2025
Tue Jul 22 04:57:23 UTC 2025
Tue Jul 22 05:28:54 UTC 2025
Tue Jul 22 05:50:57 UTC 2025
Tue Jul 22 06:29:26 UTC 2025
Tue Jul 22 06:56:54 UTC 2025
Tue Jul 22 07:25:43 UTC 2025
Tue Jul 22 07:43:56 UTC 2025
Tue Jul 22 08:27:25 UTC 2025
Tue Jul 22 08:54:20 UTC 2025
Tue Jul 22 09:24:13 UTC 2025
Tue Jul 22 09:47:13 UTC 2025
Tue Jul 22 10:21:03 UTC 2025
Tue Jul 22 10:48:44 UTC 2025
Tue Jul 22 11:16:31 UTC 2025
Tue Jul 22 11:39:47 UTC 2025
Tue Jul 22 12:40:13 UTC 2025
Tue Jul 22 13:36:53 UTC 2025
Tue Jul 22 14:19:36 UTC 2025
Tue Jul 22 14:46:45 UTC 2025
Tue Jul 22 15:21:26 UTC 2025
Tue Jul 22 15:45:37 UTC 2025
Tue Jul 22 16:25:11 UTC 2025
Tue Jul 22 16:52:21 UTC 2025
Tue Jul 22 17:19:06 UTC 2025
Tue Jul 22 17:45:43 UTC 2025
Tue Jul 22 18:28:28 UTC 2025
Tue Jul 22 18:55:53 UTC 2025
Tue Jul 22 19:18:17 UTC 2025
Tue Jul 22 19:37:30 UTC 2025
Tue Jul 22 20:21:50 UTC 2025
Tue Jul 22 20:44:32 UTC 2025
Tue Jul 22 21:18:15 UTC 2025
Tue Jul 22 21:41:18 UTC 2025
Tue Jul 22 22:18:16 UTC 2025
Tue Jul 22 22:45:07 UTC 2025
Tue Jul 22 23:18:34 UTC 2025
Tue Jul 22 23:41:38 UTC 2025
Wed Jul 23 01:42:07 UTC 2025
Wed Jul 23 03:38:03 UTC 2025
Wed Jul 23 04:39:49 UTC 2025
Wed Jul 23 05:26:13 UTC 2025
Wed Jul 23 05:51:22 UTC 2025
Wed Jul 23 06:29:19 UTC 2025
Wed Jul 23 06:57:18 UTC 2025
Wed Jul 23 07:27:50 UTC 2025
Wed Jul 23 07:46:10 UTC 2025
Wed Jul 23 08:27:28 UTC 2025
Wed Jul 23 08:54:45 UTC 2025
Wed Jul 23 09:25:45 UTC 2025
Wed Jul 23 09:49:08 UTC 2025
Wed Jul 23 10:21:00 UTC 2025
Wed Jul 23 10:48:48 UTC 2025
Wed Jul 23 11:17:06 UTC 2025
Wed Jul 23 11:40:56 UTC 2025
Wed Jul 23 12:40:36 UTC 2025
Wed Jul 23 13:37:29 UTC 2025
Wed Jul 23 14:20:40 UTC 2025
Wed Jul 23 14:48:44 UTC 2025
Wed Jul 23 15:22:08 UTC 2025
Wed Jul 23 15:46:20 UTC 2025
Wed Jul 23 16:25:26 UTC 2025
Wed Jul 23 16:53:23 UTC 2025
Wed Jul 23 17:19:53 UTC 2025
Wed Jul 23 17:46:16 UTC 2025
Wed Jul 23 18:28:37 UTC 2025
Wed Jul 23 18:55:21 UTC 2025
Wed Jul 23 19:17:10 UTC 2025
Wed Jul 23 19:38:53 UTC 2025
Wed Jul 23 20:21:23 UTC 2025
Wed Jul 23 20:44:59 UTC 2025
Wed Jul 23 21:18:41 UTC 2025
Wed Jul 23 21:41:42 UTC 2025
Wed Jul 23 22:18:45 UTC 2025
Wed Jul 23 22:45:19 UTC 2025
Wed Jul 23 23:19:28 UTC 2025
Wed Jul 23 23:41:46 UTC 2025
Thu Jul 24 01:41:19 UTC 2025
Thu Jul 24 03:27:45 UTC 2025
Thu Jul 24 04:23:38 UTC 2025
Thu Jul 24 04:57:35 UTC 2025
Thu Jul 24 05:30:17 UTC 2025
